# JRE version: OpenJDK Runtime Environment (8.0_112-b06) (build 1.8.0_112-release-b06)
# Java VM: OpenJDK 64-Bit Server VM (25.112-b06 mixed mode windows-amd64 compressed oops)
Heap:
 PSYoungGen      total 456192K, used 255158K [0x00000000e0000000, 0x00000000fff80000, 0x0000000100000000)
  eden space 393216K, 64% used [0x00000000e0000000,0x00000000ef5f7bc8,0x00000000f8000000)
  from space 62976K, 5% used [0x00000000f8000000,0x00000000f8335fa8,0x00000000fbd80000)
  to   space 62976K, 0% used [0x00000000fc200000,0x00000000fc200000,0x00000000fff80000)
 ParOldGen       total 284160K, used 220149K [0x00000000a0000000, 0x00000000b1580000, 0x00000000e0000000)
  object space 284160K, 77% used [0x00000000a0000000,0x00000000ad6fd7a8,0x00000000b1580000)
 Metaspace       used 93217K, capacity 97328K, committed 97496K, reserved 1134592K
  class space    used 11641K, capacity 12470K, committed 12544K, reserved 1048576K
GC Heap History (10 events):
Event: 483.838 GC heap before
{Heap before GC invocations=22 (full 3):
 PSYoungGen      total 455680K, used 408905K [0x00000000e0000000, 0x00000000ffc00000, 0x0000000100000000)
  eden space 395264K, 100% used [0x00000000e0000000,0x00000000f8200000,0x00000000f8200000)
  from space 60416K, 22% used [0x00000000fc100000,0x00000000fce52688,0x00000000ffc00000)
  to   space 62464K, 0% used [0x00000000f8200000,0x00000000f8200000,0x00000000fbf00000)
 ParOldGen       total 284160K, used 150349K [0x00000000a0000000, 0x00000000b1580000, 0x00000000e0000000)
  object space 284160K, 52% used [0x00000000a0000000,0x00000000a92d3658,0x00000000b1580000)
 Metaspace       used 88667K, capacity 92410K, committed 92632K, reserved 1130496K
  class space    used 11125K, capacity 11929K, committed 12032K, reserved 1048576K
Event: 483.888 GC heap after
Heap after GC invocations=22 (full 3):
 PSYoungGen      total 457728K, used 38826K [0x00000000e0000000, 0x0000000100000000, 0x0000000100000000)
  eden space 395264K, 0% used [0x00000000e0000000,0x00000000e0000000,0x00000000f8200000)
  from space 62464K, 62% used [0x00000000f8200000,0x00000000fa7ea808,0x00000000fbf00000)
  to   space 64512K, 0% used [0x00000000fc100000,0x00000000fc100000,0x0000000100000000)
 ParOldGen       total 284160K, used 156142K [0x00000000a0000000, 0x00000000b1580000, 0x00000000e0000000)
  object space 284160K, 54% used [0x00000000a0000000,0x00000000a987bba0,0x00000000b1580000)
 Metaspace       used 88667K, capacity 92410K, committed 92632K, reserved 1130496K
  class space    used 11125K, capacity 11929K, committed 12032K, reserved 1048576K
}
Event: 485.096 GC heap before
{Heap before GC invocations=23 (full 3):
 PSYoungGen      total 457728K, used 434090K [0x00000000e0000000, 0x0000000100000000, 0x0000000100000000)
  eden space 395264K, 100% used [0x00000000e0000000,0x00000000f8200000,0x00000000f8200000)
  from space 62464K, 62% used [0x00000000f8200000,0x00000000fa7ea808,0x00000000fbf00000)
  to   space 64512K, 0% used [0x00000000fc100000,0x00000000fc100000,0x0000000100000000)
 ParOldGen       total 284160K, used 156142K [0x00000000a0000000, 0x00000000b1580000, 0x00000000e0000000)
  object space 284160K, 54% used [0x00000000a0000000,0x00000000a987bba0,0x00000000b1580000)
 Metaspace       used 88863K, capacity 92550K, committed 92888K, reserved 1130496K
  class space    used 11130K, capacity 11931K, committed 12032K, reserved 1048576K
Event: 485.163 GC heap after
Heap after GC invocations=23 (full 3):
 PSYoungGen      total 454656K, used 42435K [0x00000000e0000000, 0x0000000100000000, 0x0000000100000000)
  eden space 390144K, 0% used [0x00000000e0000000,0x00000000e0000000,0x00000000f7d00000)
  from space 64512K, 65% used [0x00000000fc100000,0x00000000fea70f80,0x0000000100000000)
  to   space 67072K, 0% used [0x00000000f7d00000,0x00000000f7d00000,0x00000000fbe80000)
 ParOldGen       total 284160K, used 192408K [0x00000000a0000000, 0x00000000b1580000, 0x00000000e0000000)
  object space 284160K, 67% used [0x00000000a0000000,0x00000000abbe6178,0x00000000b1580000)
 Metaspace       used 88863K, capacity 92550K, committed 92888K, reserved 1130496K
  class space    used 11130K, capacity 11931K, committed 12032K, reserved 1048576K
}
Event: 492.820 GC heap before
{Heap before GC invocations=24 (full 3):
 PSYoungGen      total 454656K, used 432579K [0x00000000e0000000, 0x0000000100000000, 0x0000000100000000)
  eden space 390144K, 100% used [0x00000000e0000000,0x00000000f7d00000,0x00000000f7d00000)
  from space 64512K, 65% used [0x00000000fc100000,0x00000000fea70f80,0x0000000100000000)
  to   space 67072K, 0% used [0x00000000f7d00000,0x00000000f7d00000,0x00000000fbe80000)
 ParOldGen       total 284160K, used 192408K [0x00000000a0000000, 0x00000000b1580000, 0x00000000e0000000)
  object space 284160K, 67% used [0x00000000a0000000,0x00000000abbe6178,0x00000000b1580000)
 Metaspace       used 89087K, capacity 92860K, committed 93144K, reserved 1130496K
  class space    used 11152K, capacity 11970K, committed 12032K, reserved 1048576K
Event: 492.849 GC heap after
Heap after GC invocations=24 (full 3):
 PSYoungGen      total 412672K, used 22467K [0x00000000e0000000, 0x00000000ffb80000, 0x0000000100000000)
  eden space 390144K, 0% used [0x00000000e0000000,0x00000000e0000000,0x00000000f7d00000)
  from space 22528K, 99% used [0x00000000f7d00000,0x00000000f92f0f08,0x00000000f9300000)
  to   space 63488K, 0% used [0x00000000fbd80000,0x00000000fbd80000,0x00000000ffb80000)
 ParOldGen       total 284160K, used 205639K [0x00000000a0000000, 0x00000000b1580000, 0x00000000e0000000)
  object space 284160K, 72% used [0x00000000a0000000,0x00000000ac8d1db8,0x00000000b1580000)
 Metaspace       used 89087K, capacity 92860K, committed 93144K, reserved 1130496K
  class space    used 11152K, capacity 11970K, committed 12032K, reserved 1048576K
}
Event: 494.399 GC heap before
{Heap before GC invocations=25 (full 3):
 PSYoungGen      total 412672K, used 412332K [0x00000000e0000000, 0x00000000ffb80000, 0x0000000100000000)
  eden space 390144K, 99% used [0x00000000e0000000,0x00000000f7cba418,0x00000000f7d00000)
  from space 22528K, 99% used [0x00000000f7d00000,0x00000000f92f0f08,0x00000000f9300000)
  to   space 63488K, 0% used [0x00000000fbd80000,0x00000000fbd80000,0x00000000ffb80000)
 ParOldGen       total 284160K, used 205639K [0x00000000a0000000, 0x00000000b1580000, 0x00000000e0000000)
  object space 284160K, 72% used [0x00000000a0000000,0x00000000ac8d1db8,0x00000000b1580000)
 Metaspace       used 89894K, capacity 93648K, committed 93784K, reserved 1130496K
  class space    used 11256K, capacity 12074K, committed 12160K, reserved 1048576K
Event: 494.415 GC heap after
Heap after GC invocations=25 (full 3):
 PSYoungGen      total 456704K, used 6521K [0x00000000e0000000, 0x0000000100000000, 0x0000000100000000)
  eden space 393216K, 0% used [0x00000000e0000000,0x00000000e0000000,0x00000000f8000000)
  from space 63488K, 10% used [0x00000000fbd80000,0x00000000fc3de5a0,0x00000000ffb80000)
  to   space 62976K, 0% used [0x00000000f8000000,0x00000000f8000000,0x00000000fbd80000)
 ParOldGen       total 284160K, used 219661K [0x00000000a0000000, 0x00000000b1580000, 0x00000000e0000000)
  object space 284160K, 77% used [0x00000000a0000000,0x00000000ad6837a8,0x00000000b1580000)
 Metaspace       used 89894K, capacity 93648K, committed 93784K, reserved 1130496K
  class space    used 11256K, capacity 12074K, committed 12160K, reserved 1048576K
}
Event: 801.227 GC heap before
{Heap before GC invocations=26 (full 3):
 PSYoungGen      total 456704K, used 399737K [0x00000000e0000000, 0x0000000100000000, 0x0000000100000000)
  eden space 393216K, 100% used [0x00000000e0000000,0x00000000f8000000,0x00000000f8000000)
  from space 63488K, 10% used [0x00000000fbd80000,0x00000000fc3de5a0,0x00000000ffb80000)
  to   space 62976K, 0% used [0x00000000f8000000,0x00000000f8000000,0x00000000fbd80000)
 ParOldGen       total 284160K, used 219661K [0x00000000a0000000, 0x00000000b1580000, 0x00000000e0000000)
  object space 284160K, 77% used [0x00000000a0000000,0x00000000ad6837a8,0x00000000b1580000)
 Metaspace       used 90269K, capacity 94302K, committed 94552K, reserved 1132544K
  class space    used 11292K, capacity 12099K, committed 12160K, reserved 1048576K
Event: 801.331 GC heap after
Heap after GC invocations=26 (full 3):
 PSYoungGen      total 456192K, used 3287K [0x00000000e0000000, 0x00000000fff80000, 0x0000000100000000)
  eden space 393216K, 0% used [0x00000000e0000000,0x00000000e0000000,0x00000000f8000000)
  from space 62976K, 5% used [0x00000000f8000000,0x00000000f8335fa8,0x00000000fbd80000)
  to   space 62976K, 0% used [0x00000000fc200000,0x00000000fc200000,0x00000000fff80000)
 ParOldGen       total 284160K, used 220149K [0x00000000a0000000, 0x00000000b1580000, 0x00000000e0000000)
  object space 284160K, 77% used [0x00000000a0000000,0x00000000ad6fd7a8,0x00000000b1580000)
 Metaspace       used 90269K, capacity 94302K, committed 94552K, reserved 1132544K
  class space    used 11292K, capacity 12099K, committed 12160K, reserved 1048576K
}

